2021-09-14 22:57:56.753 DEBUG: =======================HANDLE REQUEST=============================
2021-09-14 22:57:56.754 DEBUG: run with params = Namespace(debug=True, end_date='15-09-21 08:00:00.000', out_type='xml', start_date='14-09-21 10:00:00.000', unit_id='1', unit_name='unit_30')
2021-09-14 22:57:56.754 DEBUG: Start read data
2021-09-14 22:57:56.794 DEBUG: Data received. Execution time = 40.030 ms
2021-09-14 22:57:56.802 DEBUG: Data printed
2021-09-14 22:57:57.034 DEBUG: =======================HANDLE REQUEST=============================
2021-09-14 22:57:57.034 DEBUG: run with params = Namespace(debug=True, end_date='15-09-21 08:00:00.000', out_type='xml', start_date='14-09-21 10:00:00.000', unit_id='2', unit_name='unit_30')
2021-09-14 22:57:57.034 DEBUG: Start read data
2021-09-14 22:57:57.070 DEBUG: Data received. Execution time = 36.027 ms
2021-09-14 22:57:57.078 DEBUG: Data printed
2021-09-14 23:18:45.039 DEBUG: =======================HANDLE REQUEST=============================
2021-09-14 23:18:45.039 DEBUG: run with params = Namespace(debug=True, end_date='15-09-21 08:00:00.000', out_type='xml', start_date='14-09-21 10:00:00.000', unit_id='1', unit_name='unit_50')
2021-09-14 23:18:45.039 DEBUG: Start read data
2021-09-14 23:18:45.179 DEBUG: Data received. Execution time = 140.104 ms
2021-09-14 23:18:45.217 DEBUG: Data printed
2021-09-14 23:19:09.192 DEBUG: =======================HANDLE REQUEST=============================
2021-09-14 23:19:09.193 DEBUG: run with params = Namespace(debug=True, end_date='15-09-21 08:00:00.000', out_type='xml', start_date='14-09-21 10:00:00.000', unit_id='1', unit_name='unit_40')
2021-09-14 23:19:09.193 DEBUG: Start read data
2021-09-14 23:19:09.361 DEBUG: Data received. Execution time = 168.125 ms
2021-09-14 23:19:09.405 DEBUG: Data printed
2021-09-14 23:19:09.563 DEBUG: =======================HANDLE REQUEST=============================
2021-09-14 23:19:09.563 DEBUG: run with params = Namespace(debug=True, end_date='15-09-21 08:00:00.000', out_type='xml', start_date='14-09-21 10:00:00.000', unit_id='2', unit_name='unit_40')
2021-09-14 23:19:09.563 DEBUG: Start read data
2021-09-14 23:19:09.726 DEBUG: Data received. Execution time = 163.122 ms
2021-09-14 23:19:09.770 DEBUG: Data printed
